[2025-11-21T23:11:19.112076+00:00] main.ERROR: {"feed":"undefined","operation":"undefined","status":"Cannot set indexer to Update On Schedule mode: Magento\\Theme\\Model\\Indexer\\Design\\Config doesn't implement \\Magento\\Framework\\Mview\\ActionInterface","elapsed":"00:00:00 407 ms","pid":"594","caller":"bin\/magento set:up"} {"indexer":"design_config_grid","exception":"[object] (InvalidArgumentException(code: 0): Magento\\Theme\\Model\\Indexer\\Design\\Config doesn't implement \\Magento\\Framework\\Mview\\ActionInterface at /var/www/html/vendor/magento/framework/Mview/ActionFactory.php:35)"} []
[2025-11-21T23:11:19.289008+00:00] main.ERROR: {"feed":"undefined","operation":"undefined","status":"Cannot set indexer to Update On Schedule mode: Magento\\Framework\\Indexer\\Action\\Entity doesn't implement \\Magento\\Framework\\Mview\\ActionInterface","elapsed":"00:00:00 585 ms","pid":"594","caller":"bin\/magento set:up"} {"indexer":"customer_grid","exception":"[object] (InvalidArgumentException(code: 0): Magento\\Framework\\Indexer\\Action\\Entity doesn't implement \\Magento\\Framework\\Mview\\ActionInterface at /var/www/html/vendor/magento/framework/Mview/ActionFactory.php:35)"} []
[2025-11-21T23:11:24.056429+00:00] main.ERROR: {"feed":"undefined","operation":"undefined","status":"Cannot set indexer to Update On Schedule mode: Magento\\InventoryIndexer\\Indexer\\InventoryIndexer doesn't implement \\Magento\\Framework\\Mview\\ActionInterface","elapsed":"00:00:05 352 ms","pid":"594","caller":"bin\/magento set:up"} {"indexer":"inventory","exception":"[object] (InvalidArgumentException(code: 0): Magento\\InventoryIndexer\\Indexer\\InventoryIndexer doesn't implement \\Magento\\Framework\\Mview\\ActionInterface at /var/www/html/vendor/magento/framework/Mview/ActionFactory.php:35)"} []
[2025-11-21T23:12:28.924955+00:00] main.INFO: {"feed":"salesOrders","operation":"full reindex(legacy)","status":"Initialize","elapsed":"00:00:00 891 ms","pid":"594","caller":"bin\/magento set:up"} [] []
[2025-11-21T23:12:29.037583+00:00] main.INFO: {"feed":"salesOrders","operation":"full reindex(legacy)","status":"Creating batch table `sales_data_exporter_orders_index_batches`. Start position: 0","elapsed":"00:00:01 4 ms","pid":"594","caller":"bin\/magento set:up"} [] []
[2025-11-21T23:12:29.153967+00:00] main.INFO: {"feed":"salesOrders","operation":"full reindex(legacy)","status":"Batch table `sales_data_exporter_orders_index_batches` created. Total Items: 3, batches: ~0","elapsed":"00:00:01 120 ms","pid":"594","caller":"bin\/magento set:up"} [] []
[2025-11-21T23:12:29.156191+00:00] main.INFO: {"feed":"salesOrders","operation":"full reindex(legacy)","status":"start processing `3` items in `1` threads with `100` batch size","elapsed":"00:00:01 122 ms","pid":"594","caller":"bin\/magento set:up"} [] []
[2025-11-21T23:12:29.594650+00:00] main.INFO: {"feed":"salesOrders","operation":"full reindex(legacy)","status":"Progress 1\/1, processed 3, synced 0","elapsed":"00:00:01 561 ms","pid":"594","caller":"bin\/magento set:up"} [] []
[2025-11-21T23:12:29.601672+00:00] main.INFO: {"feed":"salesOrders","operation":"full reindex(legacy)","status":"Complete","elapsed":"00:00:01 568 ms","pid":"594","caller":"bin\/magento set:up"} [] []
[2025-11-21T23:12:29.671809+00:00] main.INFO: {"feed":"salesOrderStatuses","operation":"full reindex(legacy)","status":"Initialize","elapsed":"00:00:00 385 ms","pid":"594","caller":"bin\/magento set:up"} [] []
[2025-11-21T23:12:29.771341+00:00] main.INFO: {"feed":"salesOrderStatuses","operation":"full reindex(legacy)","status":"Creating batch table `sales_data_exporter_order_statuses_index_batches`. Start position: ","elapsed":"00:00:00 484 ms","pid":"594","caller":"bin\/magento set:up"} [] []
[2025-11-21T23:12:29.898342+00:00] main.INFO: {"feed":"salesOrderStatuses","operation":"full reindex(legacy)","status":"Batch table `sales_data_exporter_order_statuses_index_batches` created. Total Items: 12, batches: ~0","elapsed":"00:00:00 611 ms","pid":"594","caller":"bin\/magento set:up"} [] []
[2025-11-21T23:12:29.900687+00:00] main.INFO: {"feed":"salesOrderStatuses","operation":"full reindex(legacy)","status":"start processing `12` items in `1` threads with `100` batch size","elapsed":"00:00:00 614 ms","pid":"594","caller":"bin\/magento set:up"} [] []
[2025-11-21T23:12:29.918156+00:00] main.INFO: {"feed":"salesOrderStatuses","operation":"full reindex(legacy)","status":"Progress 1\/1, processed 12, synced 12","elapsed":"00:00:00 631 ms","pid":"594","caller":"bin\/magento set:up"} [] []
[2025-11-21T23:12:29.925070+00:00] main.INFO: {"feed":"salesOrderStatuses","operation":"full reindex(legacy)","status":"Complete","elapsed":"00:00:00 638 ms","pid":"594","caller":"bin\/magento set:up"} [] []
[2025-11-21T23:12:29.959536+00:00] main.INFO: {"feed":"stores","operation":"full reindex(legacy)","status":"Initialize","elapsed":"00:00:00 960 ms","pid":"594","caller":"bin\/magento set:up"} [] []
[2025-11-21T23:12:30.057983+00:00] main.INFO: {"feed":"stores","operation":"full reindex(legacy)","status":"Creating batch table `stores_data_exporter_index_batches`. Start position: 0","elapsed":"00:00:01 59 ms","pid":"594","caller":"bin\/magento set:up"} [] []
[2025-11-21T23:12:30.126461+00:00] main.INFO: {"feed":"stores","operation":"full reindex(legacy)","status":"Batch table `stores_data_exporter_index_batches` created. Total Items: 1, batches: ~0","elapsed":"00:00:01 127 ms","pid":"594","caller":"bin\/magento set:up"} [] []
[2025-11-21T23:12:30.130084+00:00] main.INFO: {"feed":"stores","operation":"full reindex(legacy)","status":"start processing `1` items in `1` threads with `100` batch size","elapsed":"00:00:01 131 ms","pid":"594","caller":"bin\/magento set:up"} [] []
[2025-11-21T23:12:30.151973+00:00] main.INFO: {"feed":"stores","operation":"full reindex(legacy)","status":"Progress 1\/1, processed 1, synced 1","elapsed":"00:00:01 153 ms","pid":"594","caller":"bin\/magento set:up"} [] []
[2025-11-21T23:12:30.157867+00:00] main.INFO: {"feed":"stores","operation":"full reindex(legacy)","status":"Complete","elapsed":"00:00:01 159 ms","pid":"594","caller":"bin\/magento set:up"} [] []
